/*C1*/SET SCHEMA SYSTEM_LOBS
INSERT INTO BLOCKS VALUES(0,2147483647,0)
COMMIT
/*C2*/SET SCHEMA PUBLIC
CREATE TABLE PUBLIC.DATABASECHANGELOGLOCK (ID INT NOT NULL, LOCKED BOOLEAN NOT NULL, LOCKGRANTED TIMESTAMP, LOCKEDBY VARCHAR(255), CONSTRAINT PK_DATABASECHANGELOGLOCK PRIMARY KEY (ID))
INSERT INTO DATABASECHANGELOGLOCK VALUES(1,FALSE,NULL,NULL)
COMMIT
DELETE FROM DATABASECHANGELOGLOCK WHERE ID=1
INSERT INTO DATABASECHANGELOGLOCK VALUES(1,TRUE,'2021-09-30 16:04:37.852000','DESKTOP-AVBJIVJ (172.28.192.1)')
COMMIT
CREATE TABLE PUBLIC.DATABASECHANGELOG (ID VARCHAR(255) NOT NULL, AUTHOR VARCHAR(255) NOT NULL, FILENAME VARCHAR(255) NOT NULL, DATEEXECUTED TIMESTAMP NOT NULL, ORDEREXECUTED INT NOT NULL, EXECTYPE VARCHAR(10) NOT NULL, MD5SUM VARCHAR(35), DESCRIPTION VARCHAR(255), COMMENTS VARCHAR(255), TAG VARCHAR(255), LIQUIBASE VARCHAR(20), CONTEXTS VARCHAR(255), LABELS VARCHAR(255), DEPLOYMENT_ID VARCHAR(10))
DELETE FROM DATABASECHANGELOGLOCK WHERE ID=1
INSERT INTO DATABASECHANGELOGLOCK VALUES(1,FALSE,NULL,NULL)
COMMIT
DELETE FROM DATABASECHANGELOGLOCK WHERE ID=1
INSERT INTO DATABASECHANGELOGLOCK VALUES(1,TRUE,'2021-09-30 16:04:38.452000','DESKTOP-AVBJIVJ (172.28.192.1)')
COMMIT
CREATE TABLE PUBLIC.customer (id UUID NOT NULL, name VARCHAR(255), rating BIGINT, CONSTRAINT pk_customer PRIMARY KEY (id))
INSERT INTO DATABASECHANGELOG VALUES('customer-1','mike (generated)','db/changelog/0001-create-customer-table.xml','2021-09-30 16:04:38.461000',1,'EXECUTED','8:e1c625a680e5637d1360d428759eed9d','createTable tableName=customer','',NULL,'4.3.5',NULL,NULL,'3007078398')
COMMIT
INSERT INTO CUSTOMER VALUES('294fb75d-f365-4ad5-a72f-71f989268fac','John Doe',94)
COMMIT
INSERT INTO DATABASECHANGELOG VALUES('raw','includeAll','db/changelog/0002-add-test-entity.sql','2021-09-30 16:04:38.470000',2,'EXECUTED','8:9d5e9c939010e614d6bef609a4dfd05e','sql','',NULL,'4.3.5',NULL,NULL,'3007078398')
COMMIT
ALTER TABLE CUSTOMER ADD ADDRESS VARCHAR(255)
INSERT INTO DATABASECHANGELOG VALUES('raw','includeAll','db/changelog/0003-add-column-address.sql','2021-09-30 16:04:38.472000',3,'EXECUTED','8:08cc625789ec2db37d94eba9e1a7a32e','sql','',NULL,'4.3.5',NULL,NULL,'3007078398')
COMMIT
DELETE FROM DATABASECHANGELOGLOCK WHERE ID=1
INSERT INTO DATABASECHANGELOGLOCK VALUES(1,FALSE,NULL,NULL)
COMMIT
